rank 2: worker
Rank2: sendRdy for ec:()
rank 1: worker
rank1: send rdy factor
startFrontTExt
all register comm i: 1
all register comm i: 2
main0: pending answers 2

rank0: wait for next Request: 
rank1:expression ok? RC is : 0
before factorparallel

-------------------------
Factor Found insertbigInt


-------------------------
Factor Found insertbigInt


-------------------------
Factor Found insertbigInt


-------------------------
Factor Found insertbigInt


-------------------------
Factor Found insertbigInt


-------------------------
Factor Found insertbigInt


-------------------------
Factor Found insertbigInt


-------------------------
Factor Found insertbigInt


-------------------------
Factor Found insertInt


-------------------------
Factor Found insertInt



BEFORE ecmParallel

sending bigInt from 1 to 0

Rank1 print current factors:
Factorisation is: 
1000 000000 000000 000000 000000 000000 000000 000000 000000 000000 000000 000000 000000 000000 000000 000000 000000 000000 000000 000000 000000 000000 000000 000000 000000 000000 000000 000000 000000 000000 000000 000000 000000 000001 (202 digits) = 7 * 11 * 13 * 7237 * 909090 909090 909090 909090 909090 909090 909090 909090 909090 909090 909091 (66 digits) * 151 844838 869849 233259 486126 696296 656224 803247 050034 392856 004020 851318 089123 809726 269308 969322 787203 124359 404586 017823 547186 542903 (129 digits)


rank1: start sending PstFactors to 0

rank1: data transfered
rank 1: ecm begin
 rank1: PRINT PSTFACTORS
multiplicity from pstFactors[0] is: 6 @0x560ebbb85148
upperbound from pstFactors[0] is: 0 @0x560ebbb8514c
SIZE of pstFactors[0].ptrFactor[0] is 0 0x560ebbb78e60
rank1:data from pstFactors[0].ptrFactor[0] = 0 @0x560ebbb78e60
multiplicity from pstFactors[1] is: 1 @0x560ebbb85158
upperbound from pstFactors[1] is: 0 @0x560ebbb8515c
SIZE of pstFactors[1].ptrFactor[0] is 1 0x560ebbb78e50
rank1:data from pstFactors[1].ptrFactor[0] = 1 @0x560ebbb78e50
rank1:data from pstFactors[1].ptrFactor[1] = 7 @0x560ebbb78e54
multiplicity from pstFactors[2] is: 1 @0x560ebbb85168
upperbound from pstFactors[2] is: 0 @0x560ebbb8516c
SIZE of pstFactors[2].ptrFactor[0] is 1 0x560ebbb78e1c
rank1:data from pstFactors[2].ptrFactor[0] = 1 @0x560ebbb78e1c
rank1:data from pstFactors[2].ptrFactor[1] = 11 @0x560ebbb78e20
multiplicity from pstFactors[3] is: 1 @0x560ebbb85178
upperbound from pstFactors[3] is: 0 @0x560ebbb8517c
SIZE of pstFactors[3].ptrFactor[0] is 1 0x560ebbb78e48
rank1:data from pstFactors[3].ptrFactor[0] = 1 @0x560ebbb78e48
rank1:data from pstFactors[3].ptrFactor[1] = 13 @0x560ebbb78e4c
multiplicity from pstFactors[4] is: 1 @0x560ebbb85188
upperbound from pstFactors[4] is: 0 @0x560ebbb8518c
SIZE of pstFactors[4].ptrFactor[0] is 1 0x560ebbb78e58
rank1:data from pstFactors[4].ptrFactor[0] = 1 @0x560ebbb78e58
rank1:data from pstFactors[4].ptrFactor[1] = 7237 @0x560ebbb78e5c
multiplicity from pstFactors[5] is: 1 @0x560ebbb85198
upperbound from pstFactors[5] is: 0 @0x560ebbb8519c
SIZE of pstFactors[5].ptrFactor[0] is 8 0x560ebbb78e24
rank1:data from pstFactors[5].ptrFactor[0] = 8 @0x560ebbb78e24
rank1:data from pstFactors[5].ptrFactor[1] = 976128931 @0x560ebbb78e28
rank1:data from pstFactors[5].ptrFactor[2] = 1561806289 @0x560ebbb78e2c
rank1:data from pstFactors[5].ptrFactor[3] = 723162568 @0x560ebbb78e30
rank1:data from pstFactors[5].ptrFactor[4] = 1541946190 @0x560ebbb78e34
rank1:data from pstFactors[5].ptrFactor[5] = 162573763 @0x560ebbb78e38
rank1:data from pstFactors[5].ptrFactor[6] = 93112105 @0x560ebbb78e3c
rank1:data from pstFactors[5].ptrFactor[7] = 678963800 @0x560ebbb78e40
rank1:data from pstFactors[5].ptrFactor[8] = 4 @0x560ebbb78e44
multiplicity from pstFactors[6] is: 1 @0x560ebbb851a8
upperbound from pstFactors[6] is: 7237 @0x560ebbb851ac
SIZE of pstFactors[6].ptrFactor[0] is 14 0x560ebbb78dc0
rank1:data from pstFactors[6].ptrFactor[0] = 14 @0x560ebbb78dc0
rank1:data from pstFactors[6].ptrFactor[1] = 1561917751 @0x560ebbb78dc4
rank1:data from pstFactors[6].ptrFactor[2] = 688354192 @0x560ebbb78dc8
rank1:data from pstFactors[6].ptrFactor[3] = 344156865 @0x560ebbb78dcc
rank1:data from pstFactors[6].ptrFactor[4] = 619430084 @0x560ebbb78dd0
rank1:data from pstFactors[6].ptrFactor[5] = 458932153 @0x560ebbb78dd4
rank1:data from pstFactors[6].ptrFactor[6] = 1369292400 @0x560ebbb78dd8
rank1:data from pstFactors[6].ptrFactor[7] = 76580683 @0x560ebbb78ddc
rank1:data from pstFactors[6].ptrFactor[8] = 1789876146 @0x560ebbb78de0
rank1:data from pstFactors[6].ptrFactor[9] = 1635522989 @0x560ebbb78de4
rank1:data from pstFactors[6].ptrFactor[10] = 207751048 @0x560ebbb78de8
rank1:data from pstFactors[6].ptrFactor[11] = 376447021 @0x560ebbb78dec
rank1:data from pstFactors[6].ptrFactor[12] = 30676070 @0x560ebbb78df0
rank1:data from pstFactors[6].ptrFactor[13] = 1484957445 @0x560ebbb78df4
rank1:data from pstFactors[6].ptrFactor[14] = 7350413 @0x560ebbb78df8
rank:1 ecmcurveparallel NextEc = 0 
rank 1:request EC (from factorParallel)
rank 1:wait for EC

Request received Tag5: START_FACTORING from 1

main0: startFactoring
rank0: receive bigInt from 1
main0: bigint received


rank0: start receiveing PstFactors from 1


after received pstfactors

Rank0 print current factors:
Factorisation is: 
 = 7 * 11 * 13 * 7237 * 909090 909090 909090 909090 909090 909090 909090 909090 909090 909090 909091 (66 digits) * 151 844838 869849 233259 486126 696296 656224 803247 050034 392856 004020 851318 089123 809726 269308 969322 787203 124359 404586 017823 547186 542903 (129 digits)
MAIN0: printing pstFactors after receiving
rank0: PRINT PSTFACTORS
multiplicity from pstFactors[0] is: 6 @0x7ffcafa01828
upperbound from pstFactors[0] is: 0 @0x7ffcafa0182c
SIZE of pstFactors[0].ptrFactor[0] is 0 0x5593db2e60b0
rank0:data from pstFactors[0].ptrFactor[0] = 0 @0x5593db2e60b0
multiplicity from pstFactors[1] is: 1 @0x7ffcafa01838
upperbound from pstFactors[1] is: 0 @0x7ffcafa0183c
SIZE of pstFactors[1].ptrFactor[0] is 1 0x5593db2e87f0
rank0:data from pstFactors[1].ptrFactor[0] = 1 @0x5593db2e87f0
rank0:data from pstFactors[1].ptrFactor[1] = 7 @0x5593db2e87f4
multiplicity from pstFactors[2] is: 1 @0x7ffcafa01848
upperbound from pstFactors[2] is: 0 @0x7ffcafa0184c
SIZE of pstFactors[2].ptrFactor[0] is 1 0x5593db2e6130
rank0:data from pstFactors[2].ptrFactor[0] = 1 @0x5593db2e6130
rank0:data from pstFactors[2].ptrFactor[1] = 11 @0x5593db2e6134
multiplicity from pstFactors[3] is: 1 @0x7ffcafa01858
upperbound from pstFactors[3] is: 0 @0x7ffcafa0185c
SIZE of pstFactors[3].ptrFactor[0] is 1 0x5593db2e6150
rank0:data from pstFactors[3].ptrFactor[0] = 1 @0x5593db2e6150
rank0:data from pstFactors[3].ptrFactor[1] = 13 @0x5593db2e6154
multiplicity from pstFactors[4] is: 1 @0x7ffcafa01868
upperbound from pstFactors[4] is: 0 @0x7ffcafa0186c
SIZE of pstFactors[4].ptrFactor[0] is 1 0x5593db2e6170
rank0:data from pstFactors[4].ptrFactor[0] = 1 @0x5593db2e6170
rank0:data from pstFactors[4].ptrFactor[1] = 7237 @0x5593db2e6174
multiplicity from pstFactors[5] is: 1 @0x7ffcafa01878
upperbound from pstFactors[5] is: 0 @0x7ffcafa0187c
SIZE of pstFactors[5].ptrFactor[0] is 8 0x5593db2e8be0
rank0:data from pstFactors[5].ptrFactor[0] = 8 @0x5593db2e8be0
rank0:data from pstFactors[5].ptrFactor[1] = 976128931 @0x5593db2e8be4
rank0:data from pstFactors[5].ptrFactor[2] = 1561806289 @0x5593db2e8be8
rank0:data from pstFactors[5].ptrFactor[3] = 723162568 @0x5593db2e8bec
rank0:data from pstFactors[5].ptrFactor[4] = 1541946190 @0x5593db2e8bf0
rank0:data from pstFactors[5].ptrFactor[5] = 162573763 @0x5593db2e8bf4
rank0:data from pstFactors[5].ptrFactor[6] = 93112105 @0x5593db2e8bf8
rank0:data from pstFactors[5].ptrFactor[7] = 678963800 @0x5593db2e8bfc
rank0:data from pstFactors[5].ptrFactor[8] = 4 @0x5593db2e8c00
multiplicity from pstFactors[6] is: 1 @0x7ffcafa01888
upperbound from pstFactors[6] is: 7237 @0x7ffcafa0188c
SIZE of pstFactors[6].ptrFactor[0] is 14 0x5593db2e8c10
rank0:data from pstFactors[6].ptrFactor[0] = 14 @0x5593db2e8c10
rank0:data from pstFactors[6].ptrFactor[1] = 1561917751 @0x5593db2e8c14
rank0:data from pstFactors[6].ptrFactor[2] = 688354192 @0x5593db2e8c18
rank0:data from pstFactors[6].ptrFactor[3] = 344156865 @0x5593db2e8c1c
rank0:data from pstFactors[6].ptrFactor[4] = 619430084 @0x5593db2e8c20
rank0:data from pstFactors[6].ptrFactor[5] = 458932153 @0x5593db2e8c24
rank0:data from pstFactors[6].ptrFactor[6] = 1369292400 @0x5593db2e8c28
rank0:data from pstFactors[6].ptrFactor[7] = 76580683 @0x5593db2e8c2c
rank0:data from pstFactors[6].ptrFactor[8] = 1789876146 @0x5593db2e8c30
rank0:data from pstFactors[6].ptrFactor[9] = 1635522989 @0x5593db2e8c34
rank0:data from pstFactors[6].ptrFactor[10] = 207751048 @0x5593db2e8c38
rank0:data from pstFactors[6].ptrFactor[11] = 376447021 @0x5593db2e8c3c
rank0:data from pstFactors[6].ptrFactor[12] = 30676070 @0x5593db2e8c40
rank0:data from pstFactors[6].ptrFactor[13] = 1484957445 @0x5593db2e8c44
rank0:data from pstFactors[6].ptrFactor[14] = 7350413 @0x5593db2e8c48

main0: bigint and pstfactor received

main0: send data to 0 processes


RANK TO RECEIVE FROM 1 
main0: pending answers 2

rank0: wait for next Request: 
Rank2: waiting for EC

Request received Tag7: SEND_EC from 1
main0: ec request received from 1
main0: nextEC is : 2
main0: pending answers 2

rank0: wait for next Request: 
rank 1:EC received: 1
rank:1 ecmcurveparallel NextEc = 0 
rank 1:request EC (from factorParallel)
rank 1:wait for EC

Request received Tag7: SEND_EC from 1
main0: ec request received from 1
main0: nextEC is : 3
main0: pending answers 2

rank0: wait for next Request: 
rank 1:EC received: 2
rank:1 ecmcurveparallel NextEc = 0 
rank 1:request EC (from factorParallel)
rank 1:wait for EC

Request received Tag7: SEND_EC from 1
main0: ec request received from 1
main0: nextEC is : 4
main0: pending answers 2

rank0: wait for next Request: 
rank 1:EC received: 3

Request received Tag6: REGISTER_FOR_EC from 2
main0: register_for ec received from 2
main0: Send FactorData to rank:2
sending bigInt from 0 to 2


rank0: start sending PstFactors to 2

main0: pending answers 2

rank0: wait for next Request: 
rank:1 ecmcurveparallel NextEc = 0 
rank 1:request EC (from factorParallel)
rank 1:wait for EC
Rank2: EC received 1
rank2: receive bigInt from 0Rank2: bigint received


rank2: start receiveing PstFactors from 0


Rank2 print current factors:
Factorisation is: 
 = 7 * 11 * 13 * 7237 * 909090 909090 909090 909090 909090 909090 909090 909090 909090 909090 909091 (66 digits) * 151 844838 869849 233259 486126 696296 656224 803247 050034 392856 004020 851318 089123 809726 269308 969322 787203 124359 404586 017823 547186 542903 (129 digits)
rank 2: ecm begin
 rank2: PRINT PSTFACTORS
multiplicity from pstFactors[0] is: 6 @0x7fff15cbdde8
upperbound from pstFactors[0] is: 0 @0x7fff15cbddec
SIZE of pstFactors[0].ptrFactor[0] is 0 0x56036e79f0b0
rank2:data from pstFactors[0].ptrFactor[0] = 0 @0x56036e79f0b0
multiplicity from pstFactors[1] is: 1 @0x7fff15cbddf8
upperbound from pstFactors[1] is: 0 @0x7fff15cbddfc
SIZE of pstFactors[1].ptrFactor[0] is 1 0x56036e7a17f0
rank2:data from pstFactors[1].ptrFactor[0] = 1 @0x56036e7a17f0
rank2:data from pstFactors[1].ptrFactor[1] = 7 @0x56036e7a17f4
multiplicity from pstFactors[2] is: 1 @0x7fff15cbde08
upperbound from pstFactors[2] is: 0 @0x7fff15cbde0c
SIZE of pstFactors[2].ptrFactor[0] is 1 0x56036e79f130
rank2:data from pstFactors[2].ptrFactor[0] = 1 @0x56036e79f130
rank2:data from pstFactors[2].ptrFactor[1] = 11 @0x56036e79f134
multiplicity from pstFactors[3] is: 1 @0x7fff15cbde18
upperbound from pstFactors[3] is: 0 @0x7fff15cbde1c
SIZE of pstFactors[3].ptrFactor[0] is 1 0x56036e79f150
rank2:data from pstFactors[3].ptrFactor[0] = 1 @0x56036e79f150
rank2:data from pstFactors[3].ptrFactor[1] = 13 @0x56036e79f154
multiplicity from pstFactors[4] is: 1 @0x7fff15cbde28
upperbound from pstFactors[4] is: 0 @0x7fff15cbde2c
SIZE of pstFactors[4].ptrFactor[0] is 1 0x56036e79f170
rank2:data from pstFactors[4].ptrFactor[0] = 1 @0x56036e79f170
rank2:data from pstFactors[4].ptrFactor[1] = 7237 @0x56036e79f174
multiplicity from pstFactors[5] is: 1 @0x7fff15cbde38
upperbound from pstFactors[5] is: 0 @0x7fff15cbde3c
SIZE of pstFactors[5].ptrFactor[0] is 8 0x56036e7a1be0
rank2:data from pstFactors[5].ptrFactor[0] = 8 @0x56036e7a1be0
rank2:data from pstFactors[5].ptrFactor[1] = 976128931 @0x56036e7a1be4
rank2:data from pstFactors[5].ptrFactor[2] = 1561806289 @0x56036e7a1be8
rank2:data from pstFactors[5].ptrFactor[3] = 723162568 @0x56036e7a1bec
rank2:data from pstFactors[5].ptrFactor[4] = 1541946190 @0x56036e7a1bf0
rank2:data from pstFactors[5].ptrFactor[5] = 162573763 @0x56036e7a1bf4
rank2:data from pstFactors[5].ptrFactor[6] = 93112105 @0x56036e7a1bf8
rank2:data from pstFactors[5].ptrFactor[7] = 678963800 @0x56036e7a1bfc
rank2:data from pstFactors[5].ptrFactor[8] = 4 @0x56036e7a1c00
multiplicity from pstFactors[6] is: 1 @0x7fff15cbde48
upperbound from pstFactors[6] is: 7237 @0x7fff15cbde4c
SIZE of pstFactors[6].ptrFactor[0] is 14 0x56036e7a1c10
rank2:data from pstFactors[6].ptrFactor[0] = 14 @0x56036e7a1c10
rank2:data from pstFactors[6].ptrFactor[1] = 1561917751 @0x56036e7a1c14
rank2:data from pstFactors[6].ptrFactor[2] = 688354192 @0x56036e7a1c18
rank2:data from pstFactors[6].ptrFactor[3] = 344156865 @0x56036e7a1c1c
rank2:data from pstFactors[6].ptrFactor[4] = 619430084 @0x56036e7a1c20
rank2:data from pstFactors[6].ptrFactor[5] = 458932153 @0x56036e7a1c24
rank2:data from pstFactors[6].ptrFactor[6] = 1369292400 @0x56036e7a1c28
rank2:data from pstFactors[6].ptrFactor[7] = 76580683 @0x56036e7a1c2c
rank2:data from pstFactors[6].ptrFactor[8] = 1789876146 @0x56036e7a1c30
rank2:data from pstFactors[6].ptrFactor[9] = 1635522989 @0x56036e7a1c34
rank2:data from pstFactors[6].ptrFactor[10] = 207751048 @0x56036e7a1c38
rank2:data from pstFactors[6].ptrFactor[11] = 376447021 @0x56036e7a1c3c
rank2:data from pstFactors[6].ptrFactor[12] = 30676070 @0x56036e7a1c40
rank2:data from pstFactors[6].ptrFactor[13] = 1484957445 @0x56036e7a1c44
rank2:data from pstFactors[6].ptrFactor[14] = 7350413 @0x56036e7a1c48
rank:2 ecmcurveparallel NextEc = 0 
rank 2:request EC (from factorParallel)
rank 2:wait for EC

Request received Tag6: REGISTER_FOR_EC from 2
main0: register_for ec received from 2
main0: Send FactorData to rank:2
sending bigInt from 0 to 2


rank0: start sending PstFactors to 2

main0: pending answers 2

rank0: wait for next Request: 

Request received Tag7: SEND_EC from 2
main0: ec request received from 2
main0: nextEC is : 5
main0: pending answers 2

rank0: wait for next Request: 
rank 2:EC received: 4
rank:2 ecmcurveparallel NextEc = 0 
rank 2:request EC (from factorParallel)
rank 2:wait for EC

Request received Tag7: SEND_EC from 2
main0: ec request received from 2
main0: nextEC is : 6
main0: pending answers 2

rank0: wait for next Request: 
rank 2:EC received: 5
rank:2 ecmcurveparallel NextEc = 0 
rank 2:request EC (from factorParallel)
rank 2:wait for EC

Request received Tag7: SEND_EC from 2
main0: ec request received from 2
main0: nextEC is : 7
main0: pending answers 2

rank0: wait for next Request: 
rank 2:EC received: 6

Request received Tag7: SEND_EC from 1
main0: ec request received from 1
main0: nextEC is : 8
main0: pending answers 2

rank0: wait for next Request: 
rank 1:EC received: 7
rank:2 ecmcurveparallel NextEc = 0 
rank 2:request EC (from factorParallel)
rank 2:wait for EC

 Data Send to Master 1 finished return
rank1: after ecmParallel

Request received Tag12: CHECK_FACTOR from 1


 ==========================factor found========================

main0: Rank 1 found, check factor
newFactor is 17830 074841
wait for answer


rank0: start receiveing PstFactors from 1

send Cancel to rank2

Rank0 print current factors:
Factorisation is: 
 = 7 * 11 * 13 * 7237 * 17830 074841 * 909090 909090 909090 909090 909090 909090 909090 909090 909090 909090 909091 (66 digits) * 8516 219938 723095 865634 797909 275733 489603 654045 034324 646220 592992 479974 140777 625144 759703 329323 069728 350973 924328 567183 (118 digits)
main0: pending answers 2

rank0: wait for next Request: 

-------------------------
Factor Found insertbigInt



rank1: start sending PstFactors to 0

rank1: continue factorisation


BEFORE ecmParallel

sending bigInt from 1 to 0

Rank1 print current factors:
Factorisation is: 
1000 000000 000000 000000 000000 000000 000000 000000 000000 000000 000000 000000 000000 000000 000000 000000 000000 000000 000000 000000 000000 000000 000000 000000 000000 000000 000000 000000 000000 000000 000000 000000 000000 000001 (202 digits) = 7 * 11 * 13 * 7237 * 17830 074841 * 909090 909090 909090 909090 909090 909090 909090 909090 909090 909090 909091 (66 digits) * 8516 219938 723095 865634 797909 275733 489603 654045 034324 646220 592992 479974 140777 625144 759703 329323 069728 350973 924328 567183 (118 digits)


rank1: start sending PstFactors to 0

rank1: data transfered
rank 1: ecm begin
 rank1: PRINT PSTFACTORS
multiplicity from pstFactors[0] is: 7 @0x560ebbb85148
upperbound from pstFactors[0] is: 0 @0x560ebbb8514c
SIZE of pstFactors[0].ptrFactor[0] is 0 0x560ebbb78e6c
rank1:data from pstFactors[0].ptrFactor[0] = 0 @0x560ebbb78e6c
multiplicity from pstFactors[1] is: 1 @0x560ebbb85158
upperbound from pstFactors[1] is: 0 @0x560ebbb8515c
SIZE of pstFactors[1].ptrFactor[0] is 1 0x560ebbb78e50
rank1:data from pstFactors[1].ptrFactor[0] = 1 @0x560ebbb78e50
rank1:data from pstFactors[1].ptrFactor[1] = 7 @0x560ebbb78e54
multiplicity from pstFactors[2] is: 1 @0x560ebbb85168
upperbound from pstFactors[2] is: 0 @0x560ebbb8516c
SIZE of pstFactors[2].ptrFactor[0] is 1 0x560ebbb78e1c
rank1:data from pstFactors[2].ptrFactor[0] = 1 @0x560ebbb78e1c
rank1:data from pstFactors[2].ptrFactor[1] = 11 @0x560ebbb78e20
multiplicity from pstFactors[3] is: 1 @0x560ebbb85178
upperbound from pstFactors[3] is: 0 @0x560ebbb8517c
SIZE of pstFactors[3].ptrFactor[0] is 1 0x560ebbb78e48
rank1:data from pstFactors[3].ptrFactor[0] = 1 @0x560ebbb78e48
rank1:data from pstFactors[3].ptrFactor[1] = 13 @0x560ebbb78e4c
multiplicity from pstFactors[4] is: 1 @0x560ebbb85188
upperbound from pstFactors[4] is: 0 @0x560ebbb8518c
SIZE of pstFactors[4].ptrFactor[0] is 1 0x560ebbb78e58
rank1:data from pstFactors[4].ptrFactor[0] = 1 @0x560ebbb78e58
rank1:data from pstFactors[4].ptrFactor[1] = 7237 @0x560ebbb78e5c
multiplicity from pstFactors[5] is: 1 @0x560ebbb85198
upperbound from pstFactors[5] is: 0 @0x560ebbb8519c
SIZE of pstFactors[5].ptrFactor[0] is 2 0x560ebbb78e60
rank1:data from pstFactors[5].ptrFactor[0] = 2 @0x560ebbb78e60
rank1:data from pstFactors[5].ptrFactor[1] = 650205657 @0x560ebbb78e64
rank1:data from pstFactors[5].ptrFactor[2] = 8 @0x560ebbb78e68
multiplicity from pstFactors[6] is: 1 @0x560ebbb851a8
upperbound from pstFactors[6] is: 0 @0x560ebbb851ac
SIZE of pstFactors[6].ptrFactor[0] is 8 0x560ebbb78e24
rank1:data from pstFactors[6].ptrFactor[0] = 8 @0x560ebbb78e24
rank1:data from pstFactors[6].ptrFactor[1] = 976128931 @0x560ebbb78e28
rank1:data from pstFactors[6].ptrFactor[2] = 1561806289 @0x560ebbb78e2c
rank1:data from pstFactors[6].ptrFactor[3] = 723162568 @0x560ebbb78e30
rank1:data from pstFactors[6].ptrFactor[4] = 1541946190 @0x560ebbb78e34
rank1:data from pstFactors[6].ptrFactor[5] = 162573763 @0x560ebbb78e38
rank1:data from pstFactors[6].ptrFactor[6] = 93112105 @0x560ebbb78e3c
rank1:data from pstFactors[6].ptrFactor[7] = 678963800 @0x560ebbb78e40
rank1:data from pstFactors[6].ptrFactor[8] = 4 @0x560ebbb78e44
multiplicity from pstFactors[7] is: 1 @0x560ebbb851b8
upperbound from pstFactors[7] is: 7237 @0x560ebbb851bc
SIZE of pstFactors[7].ptrFactor[0] is 13 0x560ebbb78dc0
rank1:data from pstFactors[7].ptrFactor[0] = 13 @0x560ebbb78dc0
rank1:data from pstFactors[7].ptrFactor[1] = 1166504335 @0x560ebbb78dc4
rank1:data from pstFactors[7].ptrFactor[2] = 909914451 @0x560ebbb78dc8
rank1:data from pstFactors[7].ptrFactor[3] = 157762188 @0x560ebbb78dcc
rank1:data from pstFactors[7].ptrFactor[4] = 495784971 @0x560ebbb78dd0
rank1:data from pstFactors[7].ptrFactor[5] = 1846534223 @0x560ebbb78dd4
rank1:data from pstFactors[7].ptrFactor[6] = 1769395317 @0x560ebbb78dd8
rank1:data from pstFactors[7].ptrFactor[7] = 1734417478 @0x560ebbb78ddc
rank1:data from pstFactors[7].ptrFactor[8] = 1012787265 @0x560ebbb78de0
rank1:data from pstFactors[7].ptrFactor[9] = 550500308 @0x560ebbb78de4
rank1:data from pstFactors[7].ptrFactor[10] = 905803942 @0x560ebbb78de8
rank1:data from pstFactors[7].ptrFactor[11] = 808097076 @0x560ebbb78dec
rank1:data from pstFactors[7].ptrFactor[12] = 2059810091 @0x560ebbb78df0
rank1:data from pstFactors[7].ptrFactor[13] = 885295 @0x560ebbb78df4
rank:1 ecmcurveparallel NextEc = 0 
rank 1:request EC (from factorParallel)
rank 1:wait for EC

Request received Tag7: SEND_EC from 2
main0: ec request received from 2
main0: nextEC is : 9
main0: pending answers 2

rank0: wait for next Request: 
rank 2:EC received: 8

 ============================================================================
rank2:closed because of interrupt
rank2: returned from ecmParallel

Request received Tag6: REGISTER_FOR_EC from 2
main0: register_for ec received from 2
main0: rank 2 added to waitlist
main0: pending answers 2

rank0: wait for next Request: 
Rank2: EC received 1
rank2: receive bigInt from 0Rank2: bigint received


rank2: start receiveing PstFactors from 0


Rank2 print current factors:
Factorisation is: 
 = 7 * 11 * 13 * 7237 * 909090 909090 909090 909090 909090 909090 909090 909090 909090 909090 909091 (66 digits) * 151 844838 869849 233259 486126 696296 656224 803247 050034 392856 004020 851318 089123 809726 269308 969322 787203 124359 404586 017823 547186 542903 (129 digits)
rank 2: ecm begin
 rank2: PRINT PSTFACTORS
multiplicity from pstFactors[0] is: 6 @0x7fff15cbdde8
upperbound from pstFactors[0] is: 0 @0x7fff15cbddec
SIZE of pstFactors[0].ptrFactor[0] is 0 0x56036e7a1d00
rank2:data from pstFactors[0].ptrFactor[0] = 0 @0x56036e7a1d00
multiplicity from pstFactors[1] is: 1 @0x7fff15cbddf8
upperbound from pstFactors[1] is: 0 @0x7fff15cbddfc
SIZE of pstFactors[1].ptrFactor[0] is 1 0x56036e7b1d90
rank2:data from pstFactors[1].ptrFactor[0] = 1 @0x56036e7b1d90
rank2:data from pstFactors[1].ptrFactor[1] = 7 @0x56036e7b1d94
multiplicity from pstFactors[2] is: 1 @0x7fff15cbde08
upperbound from pstFactors[2] is: 0 @0x7fff15cbde0c
SIZE of pstFactors[2].ptrFactor[0] is 1 0x56036e7b1e10
rank2:data from pstFactors[2].ptrFactor[0] = 1 @0x56036e7b1e10
rank2:data from pstFactors[2].ptrFactor[1] = 11 @0x56036e7b1e14
multiplicity from pstFactors[3] is: 1 @0x7fff15cbde18
upperbound from pstFactors[3] is: 0 @0x7fff15cbde1c
SIZE of pstFactors[3].ptrFactor[0] is 1 0x56036e7b1e90
rank2:data from pstFactors[3].ptrFactor[0] = 1 @0x56036e7b1e90
rank2:data from pstFactors[3].ptrFactor[1] = 13 @0x56036e7b1e94
multiplicity from pstFactors[4] is: 1 @0x7fff15cbde28
upperbound from pstFactors[4] is: 0 @0x7fff15cbde2c
SIZE of pstFactors[4].ptrFactor[0] is 1 0x56036e7b1f10
rank2:data from pstFactors[4].ptrFactor[0] = 1 @0x56036e7b1f10
rank2:data from pstFactors[4].ptrFactor[1] = 7237 @0x56036e7b1f14
multiplicity from pstFactors[5] is: 1 @0x7fff15cbde38
upperbound from pstFactors[5] is: 0 @0x7fff15cbde3c
SIZE of pstFactors[5].ptrFactor[0] is 8 0x56036e7b20f0
rank2:data from pstFactors[5].ptrFactor[0] = 8 @0x56036e7b20f0
rank2:data from pstFactors[5].ptrFactor[1] = 976128931 @0x56036e7b20f4
rank2:data from pstFactors[5].ptrFactor[2] = 1561806289 @0x56036e7b20f8
rank2:data from pstFactors[5].ptrFactor[3] = 723162568 @0x56036e7b20fc
rank2:data from pstFactors[5].ptrFactor[4] = 1541946190 @0x56036e7b2100
rank2:data from pstFactors[5].ptrFactor[5] = 162573763 @0x56036e7b2104
rank2:data from pstFactors[5].ptrFactor[6] = 93112105 @0x56036e7b2108
rank2:data from pstFactors[5].ptrFactor[7] = 678963800 @0x56036e7b210c
rank2:data from pstFactors[5].ptrFactor[8] = 4 @0x56036e7b2110
multiplicity from pstFactors[6] is: 1 @0x7fff15cbde48
upperbound from pstFactors[6] is: 7237 @0x7fff15cbde4c
SIZE of pstFactors[6].ptrFactor[0] is 14 0x56036e7b2120
rank2:data from pstFactors[6].ptrFactor[0] = 14 @0x56036e7b2120
rank2:data from pstFactors[6].ptrFactor[1] = 1561917751 @0x56036e7b2124
rank2:data from pstFactors[6].ptrFactor[2] = 688354192 @0x56036e7b2128
rank2:data from pstFactors[6].ptrFactor[3] = 344156865 @0x56036e7b212c
rank2:data from pstFactors[6].ptrFactor[4] = 619430084 @0x56036e7b2130
rank2:data from pstFactors[6].ptrFactor[5] = 458932153 @0x56036e7b2134
rank2:data from pstFactors[6].ptrFactor[6] = 1369292400 @0x56036e7b2138
rank2:data from pstFactors[6].ptrFactor[7] = 76580683 @0x56036e7b213c
rank2:data from pstFactors[6].ptrFactor[8] = 1789876146 @0x56036e7b2140
rank2:data from pstFactors[6].ptrFactor[9] = 1635522989 @0x56036e7b2144
rank2:data from pstFactors[6].ptrFactor[10] = 207751048 @0x56036e7b2148
rank2:data from pstFactors[6].ptrFactor[11] = 376447021 @0x56036e7b214c
rank2:data from pstFactors[6].ptrFactor[12] = 30676070 @0x56036e7b2150
rank2:data from pstFactors[6].ptrFactor[13] = 1484957445 @0x56036e7b2154
rank2:data from pstFactors[6].ptrFactor[14] = 7350413 @0x56036e7b2158
rank:2 ecmcurveparallel NextEc = 0 
rank 2:request EC (from factorParallel)
rank 2:wait for EC

Request received Tag7: SEND_EC from 2
main0: ec request received from 2
main0: nextEC is : 10
main0: pending answers 2

rank0: wait for next Request: 
rank 2:EC received: 9
rank:2 ecmcurveparallel NextEc = 0 
rank 2:request EC (from factorParallel)
rank 2:wait for EC

Request received Tag7: SEND_EC from 2
main0: ec request received from 2
main0: nextEC is : 11
main0: pending answers 2

rank0: wait for next Request: 
rank 2:EC received: 10

 Data Send to Master 2 finished return
rank2: returned from ecmParallel

Request received Tag12: CHECK_FACTOR from 2


 ==========================factor found========================

main0: Rank 2 found, check factor
newFactor is 17830 074841
interupt rank1
wait for answer
